


ARM Macro Assembler    Page 1 


    1 00000000         ;*******************************************************
                       ***********************
    2 00000000         ;* File Name          : startup_xx.s
    3 00000000         ;* Author             : SOC SA Team
    4 00000000         ;* Description        : sc32f1xxx devices vector table f
                       or MDK-ARM toolchain.
    5 00000000         ;*                      This module performs:
    6 00000000         ;*                      - Set the initial SP
    7 00000000         ;*                      - Set the initial PC == Reset_Ha
                       ndler
    8 00000000         ;*                      - Set the vector table entries w
                       ith the exceptions ISR address
    9 00000000         ;*                      - Branches to __main in the C li
                       brary (which eventually
   10 00000000         ;*                        calls main()).
   11 00000000         ;*                      After Reset the CortexM0 process
                       or is in Thread mode,
   12 00000000         ;*                      priority is Privileged, and the 
                       Stack is set to Main.
   13 00000000         ;* <<< Use Configuration Wizard in Context Menu >>>
   14 00000000         ;*******************************************************
                       *********************** 
   15 00000000         ; Amount of memory (in bytes) allocated for Stack
   16 00000000         ; Tailor this value to your application needs
   17 00000000         ; <h> Stack Configuration
   18 00000000         ;   <o> Stack Size (in Bytes) <0x0-0xFFFFFFFF:8>
   19 00000000         ; </h>
   20 00000000         
   21 00000000 00000400 
                       Stack_Size
                               EQU              0x00000400
   22 00000000         
   23 00000000                 AREA             STACK, NOINIT, READWRITE, ALIGN
=3
   24 00000000         Stack_Mem
                               SPACE            Stack_Size
   25 00000400         __initial_sp
   26 00000400         
   27 00000400         
   28 00000400         ; <h> Heap Configuration
   29 00000400         ;   <o>  Heap Size (in Bytes) <0x0-0xFFFFFFFF:8>
   30 00000400         ; </h>
   31 00000400         
   32 00000400 00000200 
                       Heap_Size
                               EQU              0x00000200
   33 00000400         
   34 00000400                 AREA             HEAP, NOINIT, READWRITE, ALIGN=
3
   35 00000000         __heap_base
   36 00000000         Heap_Mem
                               SPACE            Heap_Size
   37 00000200         __heap_limit
   38 00000200         
   39 00000200                 PRESERVE8
   40 00000200                 THUMB
   41 00000200         
   42 00000200         
   43 00000200         ; Vector Table Mapped to Address 0 at Reset



ARM Macro Assembler    Page 2 


   44 00000200                 AREA             RESET, DATA, READONLY
   45 00000000                 EXPORT           __Vectors
   46 00000000                 EXPORT           __Vectors_End
   47 00000000                 EXPORT           __Vectors_Size
   48 00000000         
   49 00000000 00000000 
                       __Vectors
                               DCD              __initial_sp ; Top of Stack
   50 00000004 00000000        DCD              Reset_Handler ; Reset Handler
   51 00000008 00000000        DCD              NMI_Handler ; NMI Handler
   52 0000000C 00000000        DCD              HardFault_Handler ; Hard Fault 
                                                            Handler
   53 00000010 00000000        DCD              MemManage_Handler 
                                                            ; MPU Fault Handler
                                                            
   54 00000014 00000000        DCD              BusFault_Handler 
                                                            ; Bus Fault Handler
                                                            
   55 00000018 00000000        DCD              UsageFault_Handler ; Usage Faul
                                                            t Handler
   56 0000001C 00000000        DCD              0           ; Reserved
   57 00000020 00000000        DCD              0           ; Reserved
   58 00000024 00000000        DCD              0           ; Reserved
   59 00000028 00000000        DCD              0           ; Reserved
   60 0000002C 00000000        DCD              SVC_Handler ; SVCall Handler
   61 00000030 00000000        DCD              DebugMon_Handler ; Debug Monito
                                                            r Handler
   62 00000034 00000000        DCD              0           ; Reserved
   63 00000038 00000000        DCD              PendSV_Handler ; PendSV Handler
                                                            
   64 0000003C 00000000        DCD              SysTick_IRQHandler 
                                                            ; SysTick Handler
   65 00000040         
   66 00000040         ; External Interrupts
   67 00000040 00000000        DCD              INT0_IRQHandler ; INT0
   68 00000044 00000000        DCD              INT1_7_IRQHandler 
                                                            ; EXTI1~EXTI17
   69 00000048 00000000        DCD              INT8_11_IRQHandler 
                                                            ; EXTI8~EXTI11
   70 0000004C 00000000        DCD              INT12_15_IRQHandler 
                                                            ; EXTI12~EXTI15
   71 00000050 00000000        DCD              RCC_IRQHandler 
                                                            ; RCC£º£ºÍ£Õñ¼ì²â
   72 00000054 00000000        DCD              0           ; LDP
   73 00000058 00000000        DCD              BTM_IRQHandler ; BTM
   74 0000005C 00000000        DCD              UART0_2_IRQHandler 
                                                            ; UART0-UART2
   75 00000060 00000000        DCD              UART1_3_IRQHandler 
                                                            ; UART1-UART3
   76 00000064 00000000        DCD              SPI0_IRQHandler ; SPI0
   77 00000068 00000000        DCD              SPI1_IRQHandler ; SPI1
   78 0000006C 00000000        DCD              DMA0_IRQHandler ; DMA0
   79 00000070 00000000        DCD              DMA1_IRQHandler ; DMA1
   80 00000074 00000000        DCD              DMA2_IRQHandler ; DMA2
   81 00000078 00000000        DCD              DMA3_IRQHandler ; DMA3
   82 0000007C 00000000        DCD              TIMER0_IRQHandler ; TIMER0
   83 00000080 00000000        DCD              TIMER1_IRQHandler ; TIMER1
   84 00000084 00000000        DCD              TIMER2_IRQHandler ; TIMER2
   85 00000088 00000000        DCD              TIMER3_IRQHandler ; TIMER3



ARM Macro Assembler    Page 3 


   86 0000008C 00000000        DCD              TIMER4_5_IRQHandler 
                                                            ; TIMER4-TIMER5
   87 00000090 00000000        DCD              TIMER6_7_IRQHandler 
                                                            ; TIMER6-TIMER7
   88 00000094 00000000        DCD              PWM0_IRQHandler ; PWM0
   89 00000098 00000000        DCD              LEDPWM_IRQHandler ; LEDPWM
   90 0000009C 00000000        DCD              TWI0_IRQHandler ; TWI0
   91 000000A0 00000000        DCD              TWI1_IRQHandler ; TWI1
   92 000000A4 00000000        DCD              0           ; Reserved
   93 000000A8 00000000        DCD              0           ; Reserved
   94 000000AC 00000000        DCD              0           ; Reserved 
   95 000000B0 00000000        DCD              0           ; Reserved
   96 000000B4 00000000        DCD              ADC_IRQHandler ; ADC
   97 000000B8 00000000        DCD              CMP_IRQHandler ; CMP
   98 000000BC 00000000        DCD              TK_IRQHandler 
                                                            ; TK               
                                                            
   99 000000C0         
  100 000000C0         __Vectors_End
  101 000000C0         
  102 000000C0 000000C0 
                       __Vectors_Size
                               EQU              __Vectors_End - __Vectors
  103 000000C0         
  104 000000C0                 AREA             |.text|, CODE, READONLY
  105 00000000         
  106 00000000         ; Reset handler routine
  107 00000000         Reset_Handler
                               PROC
  108 00000000                 EXPORT           Reset_Handler                 [
WEAK]
  109 00000000                 IMPORT           __main
  110 00000000                 IMPORT           SystemInit
  111 00000000         
  112 00000000 4811            LDR              R0,=0x40003010
  113 00000002 4912            LDR              R1,=0xA05F0010
  114 00000004 6001            STR              R1,[R0]
  115 00000006         
  116 00000006 4812            LDR              R0,=0x400003DC
  117 00000008 4912            LDR              R1,=0xA05F0001
  118 0000000A 6001            STR              R1,[R0]
  119 0000000C         
  120 0000000C 4812            LDR              R0,=0X40021000
  121 0000000E 4913            LDR              R1,=0X00800000
  122 00000010 6001            STR              R1,[R0]
  123 00000012         
  124 00000012 4813            LDR              R0,=0x4002105C
  125 00000014 4913            LDR              R1,=0xA05F0060
  126 00000016 6001            STR              R1,[R0]
  127 00000018         
  128 00000018 480F            LDR              R0,=0X40021000
  129 0000001A 4913            LDR              R1,=0X00000000
  130 0000001C 6001            STR              R1,[R0]
  131 0000001E         
  132 0000001E 4813            LDR              R0, =SystemInit
  133 00000020 4780            BLX              R0
  134 00000022 4813            LDR              R0, =__main
  135 00000024 4700            BX               R0
  136 00000026                 ENDP



ARM Macro Assembler    Page 4 


  137 00000026         
  138 00000026         ; Dummy Exception Handlers (infinite loops which can be 
                       modified)
  139 00000026         
  140 00000026         NMI_Handler
                               PROC
  141 00000026                 EXPORT           NMI_Handler                    
[WEAK]
  142 00000026 E7FE            B                .
  143 00000028                 ENDP
  145 00000028         HardFault_Handler
                               PROC
  146 00000028                 EXPORT           HardFault_Handler              
[WEAK]
  147 00000028 E7FE            B                .
  148 0000002A                 ENDP
  150 0000002A         MemManage_Handler
                               PROC
  151 0000002A                 EXPORT           MemManage_Handler          [WEA
K]
  152 0000002A E7FE            B                .
  153 0000002C                 ENDP
  155 0000002C         BusFault_Handler
                               PROC
  156 0000002C                 EXPORT           BusFault_Handler           [WEA
K]
  157 0000002C E7FE            B                .
  158 0000002E                 ENDP
  160 0000002E         UsageFault_Handler
                               PROC
  161 0000002E                 EXPORT           UsageFault_Handler         [WEA
K]
  162 0000002E E7FE            B                .
  163 00000030                 ENDP
  164 00000030         SVC_Handler
                               PROC
  165 00000030                 EXPORT           SVC_Handler                    
[WEAK]
  166 00000030 E7FE            B                .
  167 00000032                 ENDP
  169 00000032         DebugMon_Handler
                               PROC
  170 00000032                 EXPORT           DebugMon_Handler           [WEA
K]
  171 00000032 E7FE            B                .
  172 00000034                 ENDP
  173 00000034         PendSV_Handler
                               PROC
  174 00000034                 EXPORT           PendSV_Handler                 
[WEAK]
  175 00000034 E7FE            B                .
  176 00000036                 ENDP
  178 00000036         SysTick_IRQHandler
                               PROC
  179 00000036                 EXPORT           SysTick_IRQHandler             
   [WEAK]
  180 00000036 E7FE            B                .
  181 00000038                 ENDP
  182 00000038         



ARM Macro Assembler    Page 5 


  183 00000038         Default_Handler
                               PROC
  184 00000038         
  185 00000038                 EXPORT           INT0_IRQHandler                
[WEAK]
  186 00000038                 EXPORT           INT1_7_IRQHandler              
[WEAK]
  187 00000038                 EXPORT           INT8_11_IRQHandler             
[WEAK]
  188 00000038                 EXPORT           INT12_15_IRQHandler      [WEAK]
  189 00000038                 EXPORT           RCC_IRQHandler                [
WEAK]
  190 00000038                 EXPORT           BTM_IRQHandler               [W
EAK]
  191 00000038                 EXPORT           UART0_2_IRQHandler             
 [WEAK]
  192 00000038                 EXPORT           UART1_3_IRQHandler             
[WEAK]
  193 00000038                 EXPORT           SPI0_IRQHandler          [WEAK]
  194 00000038                 EXPORT           SPI1_IRQHandler        [WEAK]
  195 00000038                 EXPORT           DMA0_IRQHandler     [WEAK]
  196 00000038                 EXPORT           DMA1_IRQHandler                
 [WEAK]
  197 00000038                 EXPORT           DMA2_IRQHandler     [WEAK]
  198 00000038                 EXPORT           DMA3_IRQHandler              [W
EAK]
  199 00000038                 EXPORT           TIMER0_IRQHandler              
 [WEAK]
  200 00000038                 EXPORT           TIMER1_IRQHandler              
 [WEAK]
  201 00000038                 EXPORT           TIMER2_IRQHandler              
 [WEAK]
  202 00000038                 EXPORT           TIMER3_IRQHandler              
 [WEAK]
  203 00000038                 EXPORT           TIMER4_5_IRQHandler            
 [WEAK]
  204 00000038                 EXPORT           TIMER6_7_IRQHandler            
 [WEAK]
  205 00000038                 EXPORT           PWM0_IRQHandler                
[WEAK]
  206 00000038                 EXPORT           LEDPWM_IRQHandler              
 [WEAK]
  207 00000038                 EXPORT           TWI0_IRQHandler                
[WEAK]
  208 00000038                 EXPORT           TWI1_IRQHandler                
 [WEAK]
  209 00000038                 EXPORT           ADC_IRQHandler                 
 [WEAK]
  210 00000038                 EXPORT           CMP_IRQHandler                 
 [WEAK]
  211 00000038                 EXPORT           TK_IRQHandler                  
 [WEAK]
  212 00000038         
  213 00000038         INT0_IRQHandler
  214 00000038         INT1_7_IRQHandler
  215 00000038         INT8_11_IRQHandler
  216 00000038         INT12_15_IRQHandler
  217 00000038         RCC_IRQHandler
  218 00000038         BTM_IRQHandler



ARM Macro Assembler    Page 6 


  219 00000038         UART0_2_IRQHandler
  220 00000038         UART1_3_IRQHandler
  221 00000038         SPI0_IRQHandler
  222 00000038         SPI1_IRQHandler
  223 00000038         DMA0_IRQHandler
  224 00000038         DMA1_IRQHandler
  225 00000038         DMA2_IRQHandler
  226 00000038         DMA3_IRQHandler
  227 00000038         TIMER0_IRQHandler
  228 00000038         TIMER1_IRQHandler
  229 00000038         TIMER2_IRQHandler
  230 00000038         TIMER3_IRQHandler
  231 00000038         TIMER4_5_IRQHandler
  232 00000038         TIMER6_7_IRQHandler
  233 00000038         PWM0_IRQHandler
  234 00000038         LEDPWM_IRQHandler
  235 00000038         TWI0_IRQHandler
  236 00000038         TWI1_IRQHandler
  237 00000038         ADC_IRQHandler
  238 00000038         CMP_IRQHandler
  239 00000038         TK_IRQHandler
  240 00000038         
  241 00000038 E7FE            B                .
  242 0000003A         
  243 0000003A                 ENDP
  244 0000003A         
  245 0000003A 00 00           ALIGN
  246 0000003C         
  247 0000003C         ;*******************************************************
                       ************************
  248 0000003C         ; User Stack and Heap initialization
  249 0000003C         ;*******************************************************
                       ************************
  250 0000003C                 IF               :DEF:__MICROLIB
  257 0000003C         
  258 0000003C                 IMPORT           __use_two_region_memory
  259 0000003C                 EXPORT           __user_initial_stackheap
  260 0000003C         
  261 0000003C         __user_initial_stackheap
  262 0000003C         
  263 0000003C 480D            LDR              R0, =  Heap_Mem
  264 0000003E 490E            LDR              R1, =(Stack_Mem + Stack_Size)
  265 00000040 4A0E            LDR              R2, = (Heap_Mem +  Heap_Size)
  266 00000042 4B0F            LDR              R3, = Stack_Mem
  267 00000044 4770            BX               LR
  268 00000046         
  269 00000046 00 00           ALIGN
  270 00000048         
  271 00000048                 ENDIF
  272 00000048         
  273 00000048                 END
              40003010 
              A05F0010 
              400003DC 
              A05F0001 
              40021000 
              00800000 
              4002105C 
              A05F0060 



ARM Macro Assembler    Page 7 


              00000000 
              00000000 
              00000000 
              00000000 
              00000400 
              00000200 
              00000000 
Command Line: --debug --xref --diag_suppress=9931 --cpu=Cortex-M0+ --apcs=inter
work -o..\Output\startup_sc32f10xx.o --predefine="__UVISION_VERSION SETA 536" -
-list=..\List\startup_sc32f10xx.lst .\startup_sc32f10xx.s



ARM Macro Assembler    Page 1 Alphabetic symbol ordering
Relocatable symbols

STACK 00000000

Symbol: STACK
   Definitions
      At line 23 in file .\startup_sc32f10xx.s
   Uses
      None
Comment: STACK unused
Stack_Mem 00000000

Symbol: Stack_Mem
   Definitions
      At line 24 in file .\startup_sc32f10xx.s
   Uses
      At line 264 in file .\startup_sc32f10xx.s
      At line 266 in file .\startup_sc32f10xx.s

__initial_sp 00000400

Symbol: __initial_sp
   Definitions
      At line 25 in file .\startup_sc32f10xx.s
   Uses
      At line 49 in file .\startup_sc32f10xx.s
Comment: __initial_sp used once
3 symbols



ARM Macro Assembler    Page 1 Alphabetic symbol ordering
Relocatable symbols

HEAP 00000000

Symbol: HEAP
   Definitions
      At line 34 in file .\startup_sc32f10xx.s
   Uses
      None
Comment: HEAP unused
Heap_Mem 00000000

Symbol: Heap_Mem
   Definitions
      At line 36 in file .\startup_sc32f10xx.s
   Uses
      At line 263 in file .\startup_sc32f10xx.s
      At line 265 in file .\startup_sc32f10xx.s

__heap_base 00000000

Symbol: __heap_base
   Definitions
      At line 35 in file .\startup_sc32f10xx.s
   Uses
      None
Comment: __heap_base unused
__heap_limit 00000200

Symbol: __heap_limit
   Definitions
      At line 37 in file .\startup_sc32f10xx.s
   Uses
      None
Comment: __heap_limit unused
4 symbols



ARM Macro Assembler    Page 1 Alphabetic symbol ordering
Relocatable symbols

RESET 00000000

Symbol: RESET
   Definitions
      At line 44 in file .\startup_sc32f10xx.s
   Uses
      None
Comment: RESET unused
__Vectors 00000000

Symbol: __Vectors
   Definitions
      At line 49 in file .\startup_sc32f10xx.s
   Uses
      At line 45 in file .\startup_sc32f10xx.s
      At line 102 in file .\startup_sc32f10xx.s

__Vectors_End 000000C0

Symbol: __Vectors_End
   Definitions
      At line 100 in file .\startup_sc32f10xx.s
   Uses
      At line 46 in file .\startup_sc32f10xx.s
      At line 102 in file .\startup_sc32f10xx.s

3 symbols



ARM Macro Assembler    Page 1 Alphabetic symbol ordering
Relocatable symbols

.text 00000000

Symbol: .text
   Definitions
      At line 104 in file .\startup_sc32f10xx.s
   Uses
      None
Comment: .text unused
ADC_IRQHandler 00000038

Symbol: ADC_IRQHandler
   Definitions
      At line 237 in file .\startup_sc32f10xx.s
   Uses
      At line 96 in file .\startup_sc32f10xx.s
      At line 209 in file .\startup_sc32f10xx.s

BTM_IRQHandler 00000038

Symbol: BTM_IRQHandler
   Definitions
      At line 218 in file .\startup_sc32f10xx.s
   Uses
      At line 73 in file .\startup_sc32f10xx.s
      At line 190 in file .\startup_sc32f10xx.s

BusFault_Handler 0000002C

Symbol: BusFault_Handler
   Definitions
      At line 155 in file .\startup_sc32f10xx.s
   Uses
      At line 54 in file .\startup_sc32f10xx.s
      At line 156 in file .\startup_sc32f10xx.s

CMP_IRQHandler 00000038

Symbol: CMP_IRQHandler
   Definitions
      At line 238 in file .\startup_sc32f10xx.s
   Uses
      At line 97 in file .\startup_sc32f10xx.s
      At line 210 in file .\startup_sc32f10xx.s

DMA0_IRQHandler 00000038

Symbol: DMA0_IRQHandler
   Definitions
      At line 223 in file .\startup_sc32f10xx.s
   Uses
      At line 78 in file .\startup_sc32f10xx.s
      At line 195 in file .\startup_sc32f10xx.s

DMA1_IRQHandler 00000038

Symbol: DMA1_IRQHandler
   Definitions
      At line 224 in file .\startup_sc32f10xx.s
   Uses



ARM Macro Assembler    Page 2 Alphabetic symbol ordering
Relocatable symbols

      At line 79 in file .\startup_sc32f10xx.s
      At line 196 in file .\startup_sc32f10xx.s

DMA2_IRQHandler 00000038

Symbol: DMA2_IRQHandler
   Definitions
      At line 225 in file .\startup_sc32f10xx.s
   Uses
      At line 80 in file .\startup_sc32f10xx.s
      At line 197 in file .\startup_sc32f10xx.s

DMA3_IRQHandler 00000038

Symbol: DMA3_IRQHandler
   Definitions
      At line 226 in file .\startup_sc32f10xx.s
   Uses
      At line 81 in file .\startup_sc32f10xx.s
      At line 198 in file .\startup_sc32f10xx.s

DebugMon_Handler 00000032

Symbol: DebugMon_Handler
   Definitions
      At line 169 in file .\startup_sc32f10xx.s
   Uses
      At line 61 in file .\startup_sc32f10xx.s
      At line 170 in file .\startup_sc32f10xx.s

Default_Handler 00000038

Symbol: Default_Handler
   Definitions
      At line 183 in file .\startup_sc32f10xx.s
   Uses
      None
Comment: Default_Handler unused
HardFault_Handler 00000028

Symbol: HardFault_Handler
   Definitions
      At line 145 in file .\startup_sc32f10xx.s
   Uses
      At line 52 in file .\startup_sc32f10xx.s
      At line 146 in file .\startup_sc32f10xx.s

INT0_IRQHandler 00000038

Symbol: INT0_IRQHandler
   Definitions
      At line 213 in file .\startup_sc32f10xx.s
   Uses
      At line 67 in file .\startup_sc32f10xx.s
      At line 185 in file .\startup_sc32f10xx.s

INT12_15_IRQHandler 00000038

Symbol: INT12_15_IRQHandler



ARM Macro Assembler    Page 3 Alphabetic symbol ordering
Relocatable symbols

   Definitions
      At line 216 in file .\startup_sc32f10xx.s
   Uses
      At line 70 in file .\startup_sc32f10xx.s
      At line 188 in file .\startup_sc32f10xx.s

INT1_7_IRQHandler 00000038

Symbol: INT1_7_IRQHandler
   Definitions
      At line 214 in file .\startup_sc32f10xx.s
   Uses
      At line 68 in file .\startup_sc32f10xx.s
      At line 186 in file .\startup_sc32f10xx.s

INT8_11_IRQHandler 00000038

Symbol: INT8_11_IRQHandler
   Definitions
      At line 215 in file .\startup_sc32f10xx.s
   Uses
      At line 69 in file .\startup_sc32f10xx.s
      At line 187 in file .\startup_sc32f10xx.s

LEDPWM_IRQHandler 00000038

Symbol: LEDPWM_IRQHandler
   Definitions
      At line 234 in file .\startup_sc32f10xx.s
   Uses
      At line 89 in file .\startup_sc32f10xx.s
      At line 206 in file .\startup_sc32f10xx.s

MemManage_Handler 0000002A

Symbol: MemManage_Handler
   Definitions
      At line 150 in file .\startup_sc32f10xx.s
   Uses
      At line 53 in file .\startup_sc32f10xx.s
      At line 151 in file .\startup_sc32f10xx.s

NMI_Handler 00000026

Symbol: NMI_Handler
   Definitions
      At line 140 in file .\startup_sc32f10xx.s
   Uses
      At line 51 in file .\startup_sc32f10xx.s
      At line 141 in file .\startup_sc32f10xx.s

PWM0_IRQHandler 00000038

Symbol: PWM0_IRQHandler
   Definitions
      At line 233 in file .\startup_sc32f10xx.s
   Uses
      At line 88 in file .\startup_sc32f10xx.s
      At line 205 in file .\startup_sc32f10xx.s



ARM Macro Assembler    Page 4 Alphabetic symbol ordering
Relocatable symbols


PendSV_Handler 00000034

Symbol: PendSV_Handler
   Definitions
      At line 173 in file .\startup_sc32f10xx.s
   Uses
      At line 63 in file .\startup_sc32f10xx.s
      At line 174 in file .\startup_sc32f10xx.s

RCC_IRQHandler 00000038

Symbol: RCC_IRQHandler
   Definitions
      At line 217 in file .\startup_sc32f10xx.s
   Uses
      At line 71 in file .\startup_sc32f10xx.s
      At line 189 in file .\startup_sc32f10xx.s

Reset_Handler 00000000

Symbol: Reset_Handler
   Definitions
      At line 107 in file .\startup_sc32f10xx.s
   Uses
      At line 50 in file .\startup_sc32f10xx.s
      At line 108 in file .\startup_sc32f10xx.s

SPI0_IRQHandler 00000038

Symbol: SPI0_IRQHandler
   Definitions
      At line 221 in file .\startup_sc32f10xx.s
   Uses
      At line 76 in file .\startup_sc32f10xx.s
      At line 193 in file .\startup_sc32f10xx.s

SPI1_IRQHandler 00000038

Symbol: SPI1_IRQHandler
   Definitions
      At line 222 in file .\startup_sc32f10xx.s
   Uses
      At line 77 in file .\startup_sc32f10xx.s
      At line 194 in file .\startup_sc32f10xx.s

SVC_Handler 00000030

Symbol: SVC_Handler
   Definitions
      At line 164 in file .\startup_sc32f10xx.s
   Uses
      At line 60 in file .\startup_sc32f10xx.s
      At line 165 in file .\startup_sc32f10xx.s

SysTick_IRQHandler 00000036

Symbol: SysTick_IRQHandler
   Definitions



ARM Macro Assembler    Page 5 Alphabetic symbol ordering
Relocatable symbols

      At line 178 in file .\startup_sc32f10xx.s
   Uses
      At line 64 in file .\startup_sc32f10xx.s
      At line 179 in file .\startup_sc32f10xx.s

TIMER0_IRQHandler 00000038

Symbol: TIMER0_IRQHandler
   Definitions
      At line 227 in file .\startup_sc32f10xx.s
   Uses
      At line 82 in file .\startup_sc32f10xx.s
      At line 199 in file .\startup_sc32f10xx.s

TIMER1_IRQHandler 00000038

Symbol: TIMER1_IRQHandler
   Definitions
      At line 228 in file .\startup_sc32f10xx.s
   Uses
      At line 83 in file .\startup_sc32f10xx.s
      At line 200 in file .\startup_sc32f10xx.s

TIMER2_IRQHandler 00000038

Symbol: TIMER2_IRQHandler
   Definitions
      At line 229 in file .\startup_sc32f10xx.s
   Uses
      At line 84 in file .\startup_sc32f10xx.s
      At line 201 in file .\startup_sc32f10xx.s

TIMER3_IRQHandler 00000038

Symbol: TIMER3_IRQHandler
   Definitions
      At line 230 in file .\startup_sc32f10xx.s
   Uses
      At line 85 in file .\startup_sc32f10xx.s
      At line 202 in file .\startup_sc32f10xx.s

TIMER4_5_IRQHandler 00000038

Symbol: TIMER4_5_IRQHandler
   Definitions
      At line 231 in file .\startup_sc32f10xx.s
   Uses
      At line 86 in file .\startup_sc32f10xx.s
      At line 203 in file .\startup_sc32f10xx.s

TIMER6_7_IRQHandler 00000038

Symbol: TIMER6_7_IRQHandler
   Definitions
      At line 232 in file .\startup_sc32f10xx.s
   Uses
      At line 87 in file .\startup_sc32f10xx.s
      At line 204 in file .\startup_sc32f10xx.s




ARM Macro Assembler    Page 6 Alphabetic symbol ordering
Relocatable symbols

TK_IRQHandler 00000038

Symbol: TK_IRQHandler
   Definitions
      At line 239 in file .\startup_sc32f10xx.s
   Uses
      At line 98 in file .\startup_sc32f10xx.s
      At line 211 in file .\startup_sc32f10xx.s

TWI0_IRQHandler 00000038

Symbol: TWI0_IRQHandler
   Definitions
      At line 235 in file .\startup_sc32f10xx.s
   Uses
      At line 90 in file .\startup_sc32f10xx.s
      At line 207 in file .\startup_sc32f10xx.s

TWI1_IRQHandler 00000038

Symbol: TWI1_IRQHandler
   Definitions
      At line 236 in file .\startup_sc32f10xx.s
   Uses
      At line 91 in file .\startup_sc32f10xx.s
      At line 208 in file .\startup_sc32f10xx.s

UART0_2_IRQHandler 00000038

Symbol: UART0_2_IRQHandler
   Definitions
      At line 219 in file .\startup_sc32f10xx.s
   Uses
      At line 74 in file .\startup_sc32f10xx.s
      At line 191 in file .\startup_sc32f10xx.s

UART1_3_IRQHandler 00000038

Symbol: UART1_3_IRQHandler
   Definitions
      At line 220 in file .\startup_sc32f10xx.s
   Uses
      At line 75 in file .\startup_sc32f10xx.s
      At line 192 in file .\startup_sc32f10xx.s

UsageFault_Handler 0000002E

Symbol: UsageFault_Handler
   Definitions
      At line 160 in file .\startup_sc32f10xx.s
   Uses
      At line 55 in file .\startup_sc32f10xx.s
      At line 161 in file .\startup_sc32f10xx.s

__user_initial_stackheap 0000003C

Symbol: __user_initial_stackheap
   Definitions
      At line 261 in file .\startup_sc32f10xx.s



ARM Macro Assembler    Page 7 Alphabetic symbol ordering
Relocatable symbols

   Uses
      At line 259 in file .\startup_sc32f10xx.s
Comment: __user_initial_stackheap used once
40 symbols



ARM Macro Assembler    Page 1 Alphabetic symbol ordering
Absolute symbols

Heap_Size 00000200

Symbol: Heap_Size
   Definitions
      At line 32 in file .\startup_sc32f10xx.s
   Uses
      At line 36 in file .\startup_sc32f10xx.s
      At line 265 in file .\startup_sc32f10xx.s

Stack_Size 00000400

Symbol: Stack_Size
   Definitions
      At line 21 in file .\startup_sc32f10xx.s
   Uses
      At line 24 in file .\startup_sc32f10xx.s
      At line 264 in file .\startup_sc32f10xx.s

__Vectors_Size 000000C0

Symbol: __Vectors_Size
   Definitions
      At line 102 in file .\startup_sc32f10xx.s
   Uses
      At line 47 in file .\startup_sc32f10xx.s
Comment: __Vectors_Size used once
3 symbols



ARM Macro Assembler    Page 1 Alphabetic symbol ordering
External symbols

SystemInit 00000000

Symbol: SystemInit
   Definitions
      At line 110 in file .\startup_sc32f10xx.s
   Uses
      At line 132 in file .\startup_sc32f10xx.s
Comment: SystemInit used once
__main 00000000

Symbol: __main
   Definitions
      At line 109 in file .\startup_sc32f10xx.s
   Uses
      At line 134 in file .\startup_sc32f10xx.s
Comment: __main used once
__use_two_region_memory 00000000

Symbol: __use_two_region_memory
   Definitions
      At line 258 in file .\startup_sc32f10xx.s
   Uses
      None
Comment: __use_two_region_memory unused
3 symbols
391 symbols in table
